1151.274000 7 540655855 16 1
1166.370000 9 546730828 1 0
1166.450000 9 546730829 1 0
1170.236000 9 6160455 8 0
1170.353000 9 440653023 1 0
1170.485000 9 440653024 107 0
1170.711000 9 440653131 1 0
1170.823000 9 440653132 1 0
1171.305000 7 702689127 16 1
1175.596000 7 568792639 16 1
1182.196000 7 745058119 32 1
1183.564000 5 440300826 1 0
1183.676000 5 440300827 30 0
1183.847000 5 440300857 1 0
1183.924000 5 440300858 1 0
1184.400000 5 440300857 1 0
1184.473000 5 440300858 1 0
1184.534000 5 440300859 1 0
1193.271000 7 585448311 16 1
1195.493000 2 6272279 16 0
1195.661000 2 6160455 8 0
1195.739000 2 3182687 128 0
1196.223000 7 748533671 16 1
1196.976000 2 6272295 16 0
1197.159000 2 6160447 8 0
1197.265000 2 313132567 128 0
1197.502000 2 6160455 8 0
1197.887000 2 6272311 8 0
1197.962000 2 481798247 128 0
1198.260000 2 6160447 8 0
1198.680000 2 481798247 128 0
1198.888000 2 6160455 8 0
1199.221000 2 6160447 8 0
1199.602000 2 6272319 8 0
1199.691000 2 6160455 8 0
1199.967000 2 6160447 8 0
1200.029000 2 6160455 8 0
1200.238000 2 6272327 8 0
1200.297000 2 6160447 8 0
1200.365000 2 502080279 8 0
1200.583000 2 6160455 8 0
1200.893000 2 6160447 8 0
1200.966000 2 509543639 64 0
1201.274000 2 6272335 8 0
1201.404000 2 6160455 8 0
1201.982000 2 638547927 8 0
1202.181000 2 638547951 8 0
1202.276000 2 648685775 8 0
1202.462000 2 3182687 8 0
1204.328000 7 551705679 16 1
1205.038000 6 339195023 16 1
1211.469000 7 782271519 16 1
1211.651000 7 699368335 16 1
1214.564000 3 440739607 16 1
1214.976000 9 203944112 1 0
1215.162000 9 203944113 5 0
1215.261000 9 203944118 1 0
1215.321000 9 203944119 1 0
1216.159000 9 203944118 1 0
1216.236000 9 203944119 1 0
1216.324000 9 203944120 1 0
1216.382000 9 203944121 1 0
1216.499000 9 203944120 1 0
1216.551000 9 203944121 1 0
1219.402000 7 695179503 16 1
1220.384000 7 712649783 16 1
1223.400000 7 539416567 16 1
1223.430000 7 539880591 16 1
1223.452000 7 568792591 48 1
1228.424000 7 480544079 16 1
1229.302000 7 541668279 16 1
1231.304000 5 190674605 1 0
1231.478000 5 190674606 65 0
1231.677000 5 190674671 1 0
1231.792000 5 190674672 1 0
1231.901000 7 753531943 16 1
1232.595000 5 190674671 1 0
1232.724000 5 190674672 1 0
1232.799000 5 190674673 1 0
1233.521000 9 203944120 1 0
1233.654000 9 203944121 20 0
1233.785000 9 203944141 1 0
1233.865000 9 203944142 1 0
1236.443000 7 496084543 32 1
1236.467000 7 528024143 16 1
1236.479000 7 528024223 32 1
1238.478000 7 722672991 16 1
1242.213000 5 436890595 1 0
1242.217000 7 495891087 32 1
1242.413000 5 436890596 13 0
1242.589000 5 436890609 1 0
1242.654000 5 436890610 1 0
1242.789000 5 436890609 1 0
1242.855000 5 436890610 1 0
1242.918000 5 436890611 1 0
1246.030000 7 712317207 16 1
1246.858000 7 495912367 16 1
1251.828000 7 513646967 16 1
1253.598000 7 568804279 16 1
1255.734000 7 528157271 16 1
1259.570000 7 532960111 32 1
1259.649000 7 568804359 32 1
1261.833000 5 435148599 1 0
1261.958000 5 435148600 26 0
1262.094000 7 505587527 16 1
1262.103000 5 435148626 1 0
1262.243000 5 435148627 1 0
1262.445000 5 435148626 1 0
1262.530000 5 435148627 1 0
1265.027000 7 577804951 16 1
1266.840000 7 750976007 16 1
1270.929000 7 568792303 16 1
1272.496000 0 31886024 16 0
1272.627000 0 38191565 1 0
1273.345000 7 738555383 64 1
1273.386000 7 738555447 64 1
1276.549000 7 719841655 32 1
1280.690000 5 190674672 1 0
1280.850000 5 190674673 19 0
1280.956000 5 190674692 1 0
1281.014000 5 190674693 1 0
1282.536000 5 190674692 1 0
1282.636000 5 190674693 4 0
1282.710000 5 190674697 1 0
1282.798000 5 190674698 1 0
1282.835000 7 568792431 16 1
1283.983000 5 190674697 1 0
1284.097000 5 190674698 4 0
1284.175000 5 190674702 1 0
1284.227000 5 190674703 1 0
1284.995000 7 738555543 16 1
1285.511000 7 497937151 16 1
1290.609000 7 752278623 16 1
1292.268000 8 266060711 16 1
1293.321000 7 461176127 16 1
1294.421000 7 539884975 16 1
1294.434000 7 539885007 16 1
1299.010000 7 461176191 48 1
1299.048000 7 709445879 32 1
1299.284000 8 264814039 16 1
1304.042000 7 745058471 32 1
1305.897000 6 388993567 16 1
1306.518000 8 266060807 32 1
1306.953000 7 528024207 16 1
1308.486000 7 701252055 16 1
1309.736000 6 347628223 16 1
1309.769000 6 388417647 16 1
1311.015000 8 545850919 16 1
1312.381000 7 701252167 16 1
1313.752000 7 495912287 16 1
1313.768000 7 495912319 16 1
1317.264000 6 347628271 16 1
1317.580000 6 347628991 16 1
1317.644000 6 347629071 16 1
1320.295000 4 6225015 16 0
1320.444000 4 6160455 8 0
1320.524000 4 619279855 128 0
1321.892000 7 556878583 16 1
1322.111000 4 6225031 16 0
1322.234000 4 6160447 8 0
1322.308000 4 662088767 128 0
1322.548000 4 6160455 8 0
1322.782000 6 338694975 64 1
1322.869000 4 6225047 8 0
1322.970000 4 612446111 128 0
1323.224000 4 6160447 8 0
1323.428000 4 612446111 128 0
1323.627000 4 6160455 8 0
1323.819000 4 6160447 8 0
1324.009000 7 505587351 16 1
1324.021000 7 505587383 16 1
1324.031000 7 505606839 16 1
1324.042000 7 532960799 16 1
1324.256000 4 6225055 8 0
1324.410000 4 6160455 8 0
1324.774000 4 6160447 8 0
1324.851000 4 6160455 8 0
1324.985000 4 6160447 8 0
1325.053000 4 591713215 8 0
1325.270000 4 6225063 8 0
1325.341000 4 6160455 8 0
1325.522000 4 6160447 8 0
1325.588000 4 608358959 64 0
1325.679000 9 216228892 1 0
1325.775000 9 216228893 24 0
1325.891000 9 216228917 1 0
1325.947000 4 6225071 8 0
1325.979000 9 216228918 1 0
1326.059000 4 6160455 8 0
1326.552000 4 662600919 8 0
1326.643000 4 662600967 16 0
1326.962000 4 619279855 8 0
1329.090000 6 345617591 64 1
1329.276000 9 216228917 1 0
1329.380000 9 216228918 3 0
1329.531000 9 216228921 1 0
1329.666000 9 216228922 1 0
1329.744000 7 465857495 16 1
1331.589000 7 563254743 16 1
1331.607000 7 563254775 16 1
1331.616000 7 563254823 16 1
1331.950000 6 342018983 64 1
1334.136000 7 532959967 16 1
1334.151000 7 532959999 16 1
1334.160000 7 532960527 16 1
1334.234000 7 532960063 16 1
1335.785000 7 709445847 16 1
1341.837000 7 745058631 16 1
1342.655000 7 750976023 8 1
1342.672000 7 738555247 8 1
1342.696000 7 738555271 32 1
1342.708000 7 738555511 16 1
1342.737000 7 738555703 16 1
1342.749000 7 738555687 16 1
1342.784000 7 738555831 16 1
1347.666000 7 568804295 16 1
1347.692000 7 568804327 32 1
1348.837000 6 334873439 80 1
1351.554000 7 461176143 16 1
1351.574000 7 461176175 16 1
1351.583000 7 461176303 16 1
1355.214000 7 733818575 32 1
1356.083000 6 347629103 16 1
1359.063000 6 349427247 48 1
1359.091000 6 349427295 16 1
1360.100000 7 577427223 16 1
1360.171000 7 433390143 16 1
1362.066000 8 469606087 16 1
1362.147000 8 469606135 16 1
1362.477000 8 549442503 16 1
1362.529000 8 549442567 16 1
1363.326000 7 568792319 16 1
1363.353000 7 568792351 32 1
1364.860000 7 577427239 16 1
1364.892000 7 577427271 32 1
1366.887000 7 577427319 16 1
1367.272000 6 349427135 48 1
1367.878000 7 745058535 16 1
1373.794000 6 349548191 32 1
1374.853000 9 224762489 1 0
1374.977000 9 224762490 57 0
1375.239000 7 701252071 16 1
1375.255000 7 701252103 16 1
1375.266000 7 701252151 16 1
1378.053000 6 342318247 64 1
1382.293000 6 334873391 32 1
1383.723000 9 440653131 1 0
1383.855000 9 440653132 74 0
1384.039000 9 440653206 1 0
1384.125000 9 440653207 1 0
1384.460000 7 769513255 16 1
1384.650000 9 440653206 1 0
1384.778000 9 440653207 1 0
1384.847000 9 440653208 1 0
1385.153000 7 540655823 32 1
1386.378000 6 353627943 16 1
1391.317000 9 224762547 2 0
1391.423000 9 224762549 1 0
1391.498000 9 224762550 1 0
1392.529000 9 440653207 1 0
1392.596000 9 440653208 1 0
1392.665000 7 539416599 16 1
1392.993000 8 469606103 16 1
1393.070000 8 628330271 16 1
1397.724000 8 549442519 16 1
1397.744000 8 549442551 16 1
1397.813000 7 380106663 16 1
1398.637000 9 440653209 12 0
1398.737000 9 440653221 1 0
1398.801000 9 440653222 1 0
1399.843000 7 539486647 16 1
1405.835000 8 552214135 16 1
1405.883000 9 440653221 1 0
1406.041000 9 440653222 72 0
1406.187000 9 440653294 1 0
1406.281000 9 440653295 1 0
1406.819000 7 568792559 16 1
1407.364000 7 387542807 16 1
1407.696000 7 541668247 16 1
1409.953000 7 544150407 16 1
1410.213000 7 593126983 16 1
1411.486000 9 440653294 1 0
1411.571000 9 440653295 5 0
1411.651000 9 440653300 1 0
1411.748000 9 440653301 1 0
1412.211000 7 556088311 16 1
1412.239000 9 432526839 1 0
1412.419000 9 432526840 10 0
1412.523000 9 432526850 1 0
1412.590000 9 432526851 1 0
1415.875000 7 539995759 16 1
1418.365000 7 593126999 16 1
1424.439000 9 447456259 1 0
1424.569000 9 447456260 205 0
1424.973000 9 447456465 1 0
1425.033000 9 447456466 1 0
1426.064000 9 447456465 1 0
1426.137000 9 447456466 3 0
1426.212000 9 447456469 1 0
1426.291000 9 447456470 1 0
1427.804000 9 447456469 1 0
1427.934000 9 447456470 4 0
1428.031000 9 447456474 1 0
1428.090000 9 447456475 1 0
1433.297000 6 347629311 16 1
1433.354000 6 388993487 16 1
1438.288000 0 6165696 128 0
1438.551000 0 6160424 8 0
1439.673000 6 347629375 16 1
1439.972000 0 6160416 8 0
1440.080000 0 33013344 8 0
1440.162000 0 6160424 8 0
1440.321000 0 6160416 8 0
1440.418000 0 33013344 8 0
1440.446000 0 32761792 4 0
1440.551000 0 6160424 8 0
1445.106000 6 347629407 16 1
1460.242000 3 362954087 16 1
1462.373000 7 558634159 16 1
1463.220000 3 363179263 16 1
1464.021000 6 388373007 16 1
1465.963000 7 558634047 16 1
1466.205000 6 345617655 16 1
1466.313000 6 345617719 16 1
1470.993000 3 364541087 16 1
1472.573000 0 6165824 24 0
1472.741000 0 6160416 8 0
1473.850000 6 619202991 16 1
1475.497000 7 539880495 16 1
1477.402000 9 440653300 1 0
1477.544000 9 440653301 50 0
1477.732000 9 440653351 1 0
1477.812000 9 440653352 1 0
1486.109000 7 540655663 16 1
1489.352000 4 453116399 16 1
1492.296000 7 288989391 32 1
1504.932000 9 440653351 1 0
1505.051000 9 440653352 51 0
1505.173000 9 440653403 1 0
1505.229000 9 440653404 1 0
1510.444000 7 540631167 32 1
1514.007000 9 224762549 1 0
1514.156000 9 224762550 46 0
1514.320000 9 224762596 1 0
1514.510000 9 224762597 1 0
1523.524000 4 6225079 16 0
1523.663000 4 6160447 8 0
1523.723000 4 618094583 128 0
1527.128000 4 6225095 16 0
1527.254000 9 440653403 1 0
1527.288000 4 6160455 8 0
1527.343000 9 440653404 33 0
1527.426000 4 927425247 128 0
1527.472000 9 440653437 1 0
1527.687000 4 6160447 8 0
1527.693000 9 440653438 1 0
1528.118000 4 6225111 8 0
1528.219000 4 927573391 128 0
1528.446000 4 6160455 8 0
1528.671000 4 927573391 128 0
1528.869000 4 6160447 8 0
1529.111000 4 6160455 8 0
1529.385000 4 6225119 8 0
1529.463000 4 6160447 8 0
1529.886000 4 6160455 8 0
1529.960000 4 6160447 8 0
1530.181000 4 6160455 8 0
1530.306000 4 279060343 8 0
1530.641000 4 6225127 8 0
1530.727000 4 6160447 8 0
1531.037000 4 6160455 8 0
1531.104000 4 274967407 64 0
1531.465000 4 6225135 8 0
1531.533000 4 6160447 8 0
1531.861000 4 634901303 8 0
1531.951000 4 634901375 8 0
1532.051000 4 634901391 8 0
1532.092000 9 440653437 1 0
1532.200000 9 440653438 2 0
1532.227000 4 618094583 8 0
1532.285000 9 440653440 1 0
1532.379000 9 440653441 1 0
1534.505000 4 289200063 16 1
1536.164000 9 440653440 1 0
1536.248000 9 440653441 12 0
1536.331000 9 440653453 1 0
1536.423000 9 440653454 1 0
1538.745000 9 440653453 1 0
1538.884000 9 440653454 12 0
1538.971000 9 440653466 1 0
1539.046000 9 440653467 1 0
1540.977000 9 440653466 1 0
1541.061000 9 440653467 12 0
1541.636000 4 282655247 16 1
1542.870000 7 552740247 16 0
1543.670000 7 559727511 32 1
1553.098000 9 440653479 5 0
1553.221000 9 440653484 1 0
1553.340000 9 440653485 1 0
1554.181000 9 440653484 1 0
1554.314000 9 440653485 1 0
1554.445000 9 440653486 1 0
1581.236000 2 480294487 16 1
1581.264000 2 480294519 16 1
1585.683000 2 1565847 16 1
1589.090000 5 438949464 1 0
1589.208000 5 438949465 32 0
1589.302000 5 438949497 1 0
1589.368000 5 438949498 1 0
1590.025000 5 438949497 1 0
1590.125000 5 438949498 1 0
1590.197000 5 438949499 1 0
1604.206000 3 311138847 16 1
1610.735000 5 196041 1 0
1610.871000 5 196042 33 0
1610.980000 5 196075 1 0
1611.047000 5 196076 1 0
1611.323000 5 196075 1 0
1611.405000 5 196076 1 0
1611.471000 5 196077 1 0
1621.330000 9 546730828 1 0
1621.404000 9 546730829 11 0
1621.468000 9 546730840 1 0
1621.514000 9 546730841 1 0
1624.172000 9 546730840 1 0
1624.264000 9 546730841 5 0
1624.397000 9 546730846 1 0
1624.458000 9 546730847 1 0
1646.211000 4 400963759 16 1
1652.661000 4 377808311 16 1
1660.086000 4 377722759 16 1
1665.842000 4 376847287 16 1
1668.433000 8 354662663 16 0
1671.295000 8 632651607 16 1
1671.998000 4 377400567 16 1
1673.755000 8 632651655 16 1
1675.979000 8 632732815 16 1
1686.266000 4 398635471 16 1
1698.819000 5 440300858 1 0
1699.012000 5 440300859 1 0
1699.116000 5 440300860 1 0
1708.801000 4 600636751 16 1
1716.518000 4 368051967 16 1
1724.628000 4 398419647 16 1
1726.598000 7 603103519 16 1
1726.796000 4 6225143 16 0
1726.949000 4 6160455 8 0
1727.036000 4 625750007 128 0
1730.085000 4 6225159 16 0
1730.106000 4 398416991 16 1
1730.145000 4 398417023 16 1
1730.285000 4 641962175 128 0
1730.599000 4 6160447 8 0
1731.017000 4 6160455 8 0
1731.068000 4 648353471 128 0
1731.398000 4 6160447 8 0
1731.768000 4 648353471 128 0
1732.007000 4 6225175 8 0
1732.093000 4 6160455 8 0
1732.344000 4 6160447 8 0
1732.609000 4 6225183 8 0
1732.692000 4 6160455 8 0
1733.045000 4 6160447 8 0
1733.145000 4 6160455 8 0
1733.245000 4 6160447 8 0
1733.291000 4 591600263 8 0
1733.520000 4 6225191 8 0
1733.652000 4 6160455 8 0
1733.876000 4 6160447 8 0
1733.964000 4 590516527 64 0
1734.278000 4 6225199 8 0
1734.388000 4 6160455 8 0
1734.924000 4 590292639 8 0
1734.932000 4 50119 8 0
1735.212000 4 590292663 8 0
1735.283000 4 663118583 8 0
1735.595000 4 625750007 8 0
1735.816000 4 398417087 16 1
1741.121000 4 398419631 16 1
1743.050000 4 370840167 16 1
1748.077000 5 440300859 1 0
1748.233000 5 440300860 3 0
1748.342000 5 440300863 1 0
1748.427000 5 440300864 1 0
1749.265000 5 190674702 1 0
1749.343000 5 190674703 1 0
1749.412000 5 190674704 1 0
1768.462000 9 546730846 1 0
1768.553000 9 546730847 4 0
1768.619000 9 546730851 1 0
1768.670000 9 546730852 1 0
1771.956000 9 447456474 1 0
1772.118000 9 447456475 1 0
1772.245000 9 447456476 1 0
1789.042000 4 6225207 16 0
1789.198000 4 6160447 8 0
1789.284000 4 660000687 128 0
1790.414000 4 6225223 16 0
1790.502000 4 280652079 128 0
1790.796000 4 6160455 8 0
1791.145000 4 6160447 8 0
1791.220000 4 280655295 128 0
1791.470000 4 6160455 8 0
1791.729000 4 280655295 128 0
1791.998000 4 6225239 8 0
1792.094000 4 6160447 8 0
1792.391000 4 6160455 8 0
1792.667000 4 6225247 8 0
1792.721000 4 6160447 8 0
1792.939000 4 6160455 8 0
1793.044000 4 6160447 8 0
1793.171000 4 6160455 8 0
1793.236000 4 280374663 8 0
1793.393000 4 6225255 8 0
1793.458000 4 6160447 8 0
1793.651000 4 6160455 8 0
1793.699000 4 280358223 64 0
1793.940000 4 6225263 8 0
1794.000000 4 6160447 8 0
1794.402000 4 660000687 8 0
1816.767000 2 449480463 16 1
1821.992000 2 449387359 16 1
1825.688000 2 500663279 32 1
1832.203000 2 449387407 16 1
1837.784000 2 478785511 16 1
1843.988000 7 562200287 16 1
1846.857000 9 440653485 1 0
1846.959000 9 440653486 11 0
1847.017000 7 544496215 16 1
1847.054000 2 478785527 16 1
1847.057000 9 440653497 1 0
1847.305000 9 440653498 1 0
1849.838000 4 449057079 16 1
1853.162000 2 554334935 16 1
1856.155000 5 438949498 1 0
1856.290000 5 438949499 20 0
1856.406000 5 438949519 1 0
1856.495000 5 438949520 1 0
1857.105000 2 449342367 16 1
1861.822000 5 438949519 1 0
1861.924000 5 438949520 1 0
1862.000000 5 438949521 1 0
1862.128000 5 438949520 1 0
1862.198000 5 438949521 1 0
1862.253000 5 438949522 1 0
1866.822000 2 496702103 16 1
1867.182000 7 6283471 16 0
1867.367000 7 6160455 8 0
1867.446000 7 743361119 128 0
1868.338000 7 6283487 16 0
1868.412000 7 775363831 128 0
1868.660000 7 6160447 8 0
1868.913000 7 6160455 8 0
1868.973000 7 741042567 128 0
1869.214000 7 6160447 8 0
1869.418000 7 741042567 128 0
1869.630000 7 6160455 8 0
1869.858000 7 6283503 8 0
1869.923000 7 6160447 8 0
1870.122000 7 6160455 8 0
1870.366000 7 6283511 8 0
1870.431000 7 6160447 8 0
1870.548000 7 6160455 8 0
1870.814000 7 6160447 8 0
1870.874000 7 718508335 8 0
1871.109000 7 6283519 8 0
1871.189000 7 6160455 8 0
1871.403000 7 6160447 8 0
1871.487000 7 717874071 64 0
1871.777000 7 6160455 8 0
1872.246000 7 778295727 8 0
1872.336000 7 778295879 8 0
1872.484000 7 743361119 8 0
1882.716000 3 6217191 16 0
1882.816000 3 6160455 8 0
1882.874000 3 383259455 128 0
1884.025000 3 6217207 16 0
1884.115000 3 6160447 8 0
1884.212000 3 478792887 128 0
1884.504000 3 6160455 8 0
1884.820000 3 6217223 8 0
1884.891000 3 602258423 128 0
1885.098000 3 6160447 8 0
1885.363000 3 602258423 128 0
1885.568000 3 6160455 8 0
1885.796000 3 6217231 8 0
1885.877000 3 6160447 8 0
1886.139000 3 6160455 8 0
1886.335000 3 6160447 8 0
1886.406000 3 6160455 8 0
1886.533000 3 6217239 8 0
1886.610000 3 6160447 8 0
1886.665000 3 586277367 8 0
1886.803000 3 6160455 8 0
1886.977000 3 6160447 8 0
1887.050000 3 584372031 64 0
1887.293000 3 6217247 8 0
1887.364000 3 6160455 8 0
1887.772000 3 648436711 8 0
1887.871000 3 648436759 8 0
1887.993000 3 383259455 8 0
1897.697000 4 367852767 16 1
1937.339000 4 608650311 16 1
1945.048000 4 353026471 16 0
1945.078000 4 353031655 32 0
1945.088000 4 353031703 32 0
1945.101000 4 353712359 64 0
1945.112000 4 356243199 16 0
1945.121000 4 360170695 16 0
1945.133000 4 362268663 48 0
1945.145000 4 372762447 16 0
1945.170000 4 373379919 16 0
1945.179000 4 373380031 16 0
1945.187000 4 373385679 16 0
1945.197000 4 373387727 16 0
1945.207000 4 373400431 16 0
1945.216000 4 374868319 16 0
1945.226000 4 374868431 16 0
1945.235000 4 374869407 16 0
1945.245000 4 375072991 16 0
1945.253000 4 376365999 16 0
1945.263000 4 382892495 16 0
1945.277000 4 395425695 16 0
1945.288000 4 398919119 16 0
1945.298000 4 399349095 16 0
1945.311000 4 583986031 32 0
1945.321000 4 583986159 16 0
1945.330000 4 583998559 16 0
1945.346000 4 595952575 16 0
1945.358000 4 596045039 16 0
1945.369000 4 596045087 16 0
1945.381000 4 643786383 16 0
1945.391000 4 649158735 16 0
1945.401000 4 640854063 16 0
1945.419000 6 494036271 16 0
1945.442000 6 494036351 16 0
1945.453000 6 494036415 16 0
1945.470000 6 494036511 16 0
1945.480000 6 494036559 16 0
1945.490000 6 494036639 16 0
1945.513000 6 494036719 16 0
1945.524000 6 494036799 16 0
1945.539000 6 494036943 64 0
1945.552000 6 494042751 48 0
1945.582000 7 539324951 16 0
1945.597000 7 539497015 16 0
1945.614000 7 540399919 16 0
1945.624000 7 540599839 16 0
1945.636000 7 541873271 16 0
1945.661000 7 541945687 16 0
1945.677000 7 542048607 16 0
1945.688000 7 542982063 16 0
1945.706000 7 544719671 32 0
1945.729000 7 548130831 16 0
1945.755000 7 550771359 176 0
1945.773000 7 550772031 48 0
1945.784000 7 550772415 16 0
1945.800000 7 550773231 32 0
1945.811000 7 550773375 16 0
1945.819000 4 402926151 16 1
1945.829000 7 550773423 48 0
1945.857000 7 553180391 16 0
1945.872000 7 554182471 16 0
1945.887000 7 556056519 16 0
1945.918000 7 559443143 16 0
1945.926000 7 560149919 16 0
1945.936000 7 566019559 16 0
1945.952000 7 524728359 16 0
1945.967000 7 509205991 16 0
1945.979000 7 600956999 16 0
1945.990000 7 700531647 16 0
1946.004000 7 706520007 16 0
1946.032000 7 720197567 16 0
1946.042000 7 734118703 16 0
1946.056000 7 723762383 16 0
1946.090000 7 723762431 16 0
1952.436000 4 555685599 16 1
1952.458000 4 555685631 16 1
1952.554000 4 555687839 16 1
1961.345000 4 602649871 16 1
1961.836000 3 293779431 16 0
1961.851000 4 6225271 16 0
1961.862000 3 297384151 16 0
1961.873000 3 313218959 16 0
1961.886000 3 326386367 16 0
1961.897000 3 382519031 16 0
1961.908000 3 384081975 16 0
1961.919000 3 591543215 16 0
1961.937000 6 153575 16 0
1961.948000 6 1145887 16 0
1961.963000 6 2215231 16 0
1961.974000 6 5030215 16 0
1961.996000 6 258785231 16 0
1962.014000 6 258785359 32 0
1962.024000 6 258797119 16 0
1962.034000 6 258810751 16 0
1962.056000 6 258811775 32 0
1962.067000 6 258817343 16 0
1962.078000 6 258817647 16 0
1962.088000 6 258818431 16 0
1962.096000 4 6160455 8 0
1962.098000 6 258819759 16 0
1962.113000 6 260136543 16 0
1962.123000 6 261193455 16 0
1962.134000 6 264165671 16 0
1962.144000 6 264165703 16 0
1962.164000 6 264537783 16 0
1962.174000 6 273255279 16 0
1962.186000 6 273255311 32 0
1962.197000 6 278345047 16 0
1962.206000 6 278345095 16 0
1962.216000 6 278345127 16 0
1962.226000 6 290744911 16 0
1962.237000 6 319211655 16 0
1962.249000 6 322408583 16 0
1962.263000 6 328590223 16 0
1962.273000 6 328590287 16 0
1962.284000 6 329249775 16 0
1962.296000 6 329735015 16 0
1962.306000 6 331287879 16 0
1962.317000 6 333115687 16 0
1962.327000 6 349055631 16 0
1962.336000 6 350564511 16 0
1962.346000 6 350613887 16 0
1962.356000 6 576823791 16 0
1962.365000 6 575823271 16 0
1962.376000 6 575823367 32 0
1962.390000 6 578720135 16 0
1962.399000 6 579050247 16 0
1962.411000 6 648704535 16 0
1962.427000 4 465061703 16 0
1962.439000 4 465063271 16 0
1962.449000 4 465063879 16 0
1962.461000 4 465064391 16 0
1962.470000 4 465066311 16 0
1962.954000 4 494744119 128 0
1966.054000 4 6225287 8 0
1966.164000 4 6160447 8 0
1966.242000 4 617923575 128 0
1966.520000 4 6225295 8 0
1966.851000 4 6160455 8 0
1966.948000 4 627940519 128 0
1967.208000 4 6160447 8 0
1967.509000 4 627940519 128 0
1967.769000 5 436890610 1 0
1967.780000 4 6160455 8 0
1967.902000 5 436890611 14 0
1968.046000 5 436890625 1 0
1968.147000 5 436890626 1 0
1968.253000 4 6225303 8 0
1968.395000 4 6160447 8 0
1968.427000 5 436890625 1 0
1968.539000 5 436890626 1 0
1968.760000 4 6160455 8 0
1969.036000 4 6225311 8 0
1969.128000 4 6160447 8 0
1969.203000 4 6160455 8 0
1969.338000 4 6160447 8 0
1969.398000 4 402096463 8 0
1969.580000 4 6160455 8 0
1969.904000 4 6225319 8 0
1969.976000 4 6160447 8 0
1970.060000 4 280484759 64 0
1970.306000 4 6160455 8 0
1970.964000 4 494744119 8 0
1975.661000 9 423201314 1 0
1975.852000 9 423201315 45 0
1976.037000 9 423201360 1 0
1976.144000 9 423201361 1 0
1976.155000 2 330876847 16 0
1976.173000 2 342426415 16 0
1976.187000 2 363083191 16 0
1976.201000 2 512625567 16 0
1976.214000 2 553228359 16 0
1976.234000 2 553228631 16 0
1976.244000 2 606976015 16 0
1976.255000 2 609306871 16 0
1976.269000 2 538954095 16 0
1985.440000 4 555686863 16 1
1992.124000 3 6217255 16 0
1992.258000 3 6160447 8 0
1992.340000 3 605999679 128 0
1993.518000 3 6217271 16 0
1993.598000 3 6160455 8 0
1993.646000 4 555685647 16 1
1993.687000 3 606536023 128 0
1993.965000 3 6160447 8 0
1994.269000 3 6217287 8 0
1994.326000 3 644329343 128 0
1994.603000 3 6160455 8 0
1994.869000 3 644329343 128 0
1995.096000 3 6160447 8 0
1995.383000 3 6160455 8 0
1995.616000 3 6217295 8 0
1995.704000 3 6160447 8 0
1995.948000 3 6160455 8 0
1996.029000 3 6160447 8 0
1996.163000 3 6160455 8 0
1996.224000 3 588895119 8 0
1996.406000 3 6217303 8 0
1996.468000 3 6160447 8 0
1996.646000 3 6160455 8 0
1996.718000 3 586344063 64 0
1996.963000 3 6217311 8 0
1997.039000 3 6160447 8 0
1997.351000 3 587989311 8 0
1997.471000 3 587989335 8 0
1997.665000 3 605999679 8 0
1998.670000 4 655445015 16 1
2002.283000 4 387439231 16 1
2002.641000 4 387439247 16 1
2002.651000 4 387439279 16 1
2002.659000 4 387566895 16 1
2002.668000 4 387591791 16 1
2004.317000 4 387439423 16 1
2006.151000 4 387439407 16 1
2012.127000 4 387437391 16 1
2014.036000 4 387592015 16 1
2019.813000 4 387591887 16 1
2025.727000 4 387502111 16 1
2029.566000 7 659025303 16 1
2030.492000 4 387517663 16 1
2036.163000 5 440300863 1 0
2036.297000 5 440300864 266 0
2036.822000 5 440301130 1 0
2036.925000 5 440301131 1 0
2038.435000 7 657166039 16 1
2047.904000 7 640695183 16 1
2053.747000 9 241301919 46 0
2053.750000 9 130167 8 0
2053.753000 5 280807 8 0
2053.796000 9 6291511 8 0
2053.796000 9 573366407 8 0
2053.824000 5 280631 8 0
2053.828000 5 203052095 21 0
2053.833000 5 573359959 8 0
2053.929000 9 181439 8 0
2054.045000 9 573375399 8 0
2054.052000 5 12911 8 0
2054.052000 7 6291511 1 0
2054.055000 0 6351512 8 0
2054.132000 5 203052087 8 0
2054.144000 9 573376663 8 0
2054.147000 7 351545471 8 0
2054.148000 5 363143 8 0
2054.217000 2 3095007 8 0
2054.259000 2 642419167 91 0
2054.267000 0 6354960 8 0
2054.313000 0 34056456 8 0
2054.316000 9 573376679 16 0
2054.345000 7 76871 8 0
2054.411000 0 6355024 8 0
2054.416000 2 374568903 8 0
2054.466000 9 573378375 8 0
2054.549000 0 6355424 8 0
2054.597000 9 573378543 8 0
2054.699000 0 6165848 16 0
2054.738000 9 573379119 8 0
2054.855000 2 642419159 8 0
2054.869000 9 573380279 8 0
2054.872000 2 58087 8 0
2054.886000 0 6160424 8 0
2054.939000 9 573380687 8 0
2054.994000 0 6366792 16 0
2055.012000 9 573380807 8 0
2055.071000 9 573359983 8 0
2055.118000 0 6380416 8 0
2055.163000 9 573364695 8 0
2055.225000 0 6381024 8 0
2055.241000 9 573366351 8 0
2055.338000 0 6381048 8 0
2055.370000 3 6217319 16 0
2055.419000 0 6383008 8 0
2055.482000 3 6160455 8 0
2055.507000 0 6400176 8 0
2055.565000 3 654691359 128 0
2055.585000 0 6426296 8 0
2055.664000 0 6436472 8 0
2055.758000 0 6436504 24 0
2055.884000 0 6291808 8 0
2055.964000 0 6292248 8 0
2056.038000 0 6294632 8 0
2056.131000 0 6299432 8 0
2056.201000 0 6299464 8 0
2056.287000 0 6299968 8 0
2056.362000 0 6300856 8 0
2056.441000 0 6305952 8 0
2056.516000 0 6306760 8 0
2056.589000 0 6310120 8 0
2056.658000 0 6340912 8 0
2057.167000 0 6340944 8 0
2057.238000 0 6341560 8 0
2057.804000 3 6217335 16 0
2057.926000 3 6160447 8 0
2057.994000 3 603101999 128 0
2058.214000 3 6160455 8 0
2058.842000 3 6160447 8 0
2058.899000 3 628031407 128 0
2059.187000 3 6217351 8 0
2059.468000 3 628031407 128 0
2059.701000 3 6160455 8 0
2060.005000 3 6160447 8 0
2060.386000 3 6217359 8 0
2060.451000 3 6160455 8 0
2060.826000 3 6160447 8 0
2060.913000 3 6160455 8 0
2061.090000 3 6160447 8 0
2061.164000 3 589126743 8 0
2061.501000 3 6217367 8 0
2061.577000 3 6160455 8 0
2061.891000 3 6160447 8 0
2061.940000 3 589109647 64 0
2062.386000 3 6217375 8 0
2062.499000 3 6160455 8 0
2062.735000 3 634113079 8 0
2062.840000 3 633571447 16 0
2062.960000 3 654691359 8 0
2076.821000 3 443023559 80 1
2085.583000 3 609606463 16 1
2086.038000 7 6283527 24 0
2086.150000 7 6160447 8 0
2086.248000 7 781998951 128 0
2088.523000 7 6283551 8 0
2088.630000 7 6160455 8 0
2088.703000 7 744391919 128 0
2088.923000 7 6160447 8 0
2089.227000 7 6283559 8 0
2089.280000 7 6160455 8 0
2089.328000 7 744392047 128 0
2089.545000 7 6160447 8 0
2089.739000 7 744392047 128 0
2089.953000 7 6160455 8 0
2090.214000 7 6283567 8 0
2090.262000 7 6160447 8 0
2090.531000 7 6160455 8 0
2090.809000 7 6283575 8 0
2090.895000 7 6160447 8 0
2090.963000 7 6160455 8 0
2091.083000 7 6160447 8 0
2091.137000 7 718509863 8 0
2091.306000 7 6160455 8 0
2091.512000 7 6283583 8 0
2091.588000 7 6160447 8 0
2091.649000 7 719404703 64 0
2091.894000 7 6160455 8 0
2092.669000 7 778296167 8 0
2092.783000 7 778295975 8 0
2092.845000 7 778296063 16 0
2092.930000 7 775043023 16 0
2093.074000 7 781998951 8 0
2094.364000 3 609549855 16 1
2102.250000 4 449058903 16 1
2110.563000 4 449064071 16 1
2113.357000 7 418089423 16 1
2115.964000 4 449064087 16 1
2116.755000 6 603683463 16 1
2122.092000 4 449065159 16 1
2122.213000 6 421313463 16 1
2125.864000 7 417500503 16 1
2128.080000 4 449065303 16 1
2130.550000 4 449065383 16 1
2136.964000 4 449065703 16 1
2140.754000 4 449065719 16 1
2142.791000 4 559319287 16 1
2142.838000 4 559319319 32 1
2153.887000 5 1027269 1 0
2154.024000 5 1027270 115 0
2154.296000 5 1027385 1 0
2154.403000 5 1027386 1 0
2180.265000 8 6206703 8 0
2180.384000 8 6160447 8 0
2180.448000 8 791244959 128 0
2181.651000 8 6206711 16 0
2181.743000 8 6160455 8 0
2181.801000 8 802866335 128 0
2182.019000 8 6160447 8 0
2182.361000 8 6206727 8 0
2182.421000 8 804341471 128 0
2182.623000 8 6160455 8 0
2182.817000 8 804341471 128 0
2183.016000 8 6160447 8 0
2183.282000 8 6206735 8 0
2183.382000 8 6160455 8 0
2183.669000 8 6160447 8 0
2183.937000 8 6160455 8 0
2183.997000 8 6160447 8 0
2184.135000 8 6206743 8 0
2184.191000 8 6160455 8 0
2184.239000 8 659373591 8 0
2184.437000 8 6160447 8 0
2184.627000 8 6160455 8 0
2184.686000 8 659391119 64 0
2184.952000 8 6206751 8 0
2185.021000 8 6160447 8 0
2185.388000 8 691070039 8 0
2185.515000 8 691070063 8 0
2185.692000 8 791244959 8 0
2212.125000 3 588242575 16 1
2216.393000 3 609510135 16 1
